<?xml version="1.0" encoding="UTF-8"?>
<testng-results ignored="0" total="2" passed="2" failed="0" skipped="0">
  <reporter-output>
  </reporter-output>
  <suite started-at="2021-05-16T12:52:23 IST" name="Default suite" finished-at="2021-05-16T12:52:29 IST" duration-ms="6281">
    <groups>
    </groups>
    <test started-at="2021-05-16T12:52:23 IST" name="Default test" finished-at="2021-05-16T12:52:29 IST" duration-ms="6281">
      <class name="testlayer.LoginTest">
        <test-method is-config="true" signature="extentreport()[pri:0, instance:testlayer.LoginTest@120f102b]" started-at="2021-05-16T12:52:23 IST" name="extentreport" finished-at="2021-05-16T12:52:23 IST" duration-ms="239" status="PASS">
          <reporter-output>
          </reporter-output>
        </test-method> <!-- extentreport -->
        <test-method is-config="true" signature="setup()[pri:0, instance:testlayer.LoginTest@120f102b]" started-at="2021-05-16T12:52:23 IST" name="setup" finished-at="2021-05-16T12:52:27 IST" duration-ms="4096" status="PASS">
          <reporter-output>
          </reporter-output>
        </test-method> <!-- setup -->
        <test-method is-config="true" signature="flushmethod()[pri:0, instance:testlayer.LoginTest@120f102b]" started-at="2021-05-16T12:52:27 IST" name="flushmethod" finished-at="2021-05-16T12:52:27 IST" duration-ms="4" status="PASS">
          <reporter-output>
          </reporter-output>
        </test-method> <!-- flushmethod -->
        <test-method signature="Logintest()[pri:1, instance:testlayer.LoginTest@120f102b]" started-at="2021-05-16T12:52:27 IST" name="Logintest" finished-at="2021-05-16T12:52:29 IST" duration-ms="1688" status="PASS">
          <reporter-output>
          </reporter-output>
        </test-method> <!-- Logintest -->
        <test-method is-config="true" signature="flushmethod()[pri:0, instance:testlayer.LoginTest@120f102b]" started-at="2021-05-16T12:52:29 IST" name="flushmethod" finished-at="2021-05-16T12:52:29 IST" duration-ms="383" status="PASS">
          <reporter-output>
          </reporter-output>
        </test-method> <!-- flushmethod -->
        <test-method signature="Title()[pri:2, instance:testlayer.LoginTest@120f102b]" started-at="2021-05-16T12:52:29 IST" name="Title" finished-at="2021-05-16T12:52:29 IST" duration-ms="32" status="PASS">
          <reporter-output>
          </reporter-output>
        </test-method> <!-- Title -->
      </class> <!-- testlayer.LoginTest -->
    </test> <!-- Default test -->
  </suite> <!-- Default suite -->
</testng-results>
